
> home-appliance-dashboard@1.0.0 check
> npm run check:syntax && npm run check:logic && npm run check:data && npm run check:docs && npm run check:geo && npm run check:ui


> home-appliance-dashboard@1.0.0 check:syntax
> node tools/check-syntax.js

syntax check passed (57 files)

> home-appliance-dashboard@1.0.0 check:logic
> node tools/check-logic.js

logic check passed

> home-appliance-dashboard@1.0.0 check:data
> node tools/verify-data.js

{
  "status": "passed",
  "categories": 25,
  "products": 668,
  "minProductsPerCategory": 20,
  "duplicateBuyUrls": 0,
  "duplicateCategoryBrandModels": 0
}

> home-appliance-dashboard@1.0.0 check:docs
> node tools/check-docs.js

Error: index data date fallback is stale
    at assert (/home/runner/work/home-appliance-dashboard/home-appliance-dashboard/tools/check-docs.js:19:11)
    at main (/home/runner/work/home-appliance-dashboard/home-appliance-dashboard/tools/check-docs.js:81:3)
    at Object.<anonymous> (/home/runner/work/home-appliance-dashboard/home-appliance-dashboard/tools/check-docs.js:238:3)
    at Module._compile (node:internal/modules/cjs/loader:1871:14)
    at Object..js (node:internal/modules/cjs/loader:2002:10)
    at Module.load (node:internal/modules/cjs/loader:1594:32)
    at Module._load (node:internal/modules/cjs/loader:1396:12)
    at wrapModuleLoad (node:internal/modules/cjs/loader:255:19)
    at Module.executeUserEntryPoint [as runMain] (node:internal/modules/run_main:154:5)
    at node:internal/main/run_main_module:33:47
